<?xml version="1.0" encoding="UTF-8"?>
<!-- Generated by org.testng.reporters.JUnitXMLReporter -->
<testsuite ignored="6" hostname="DESKTOP-0VG4TTE" failures="1" tests="2" name="Test(failed)(failed)" time="26.87" errors="0" timestamp="2022-03-14T14:13:41 IST">
  <testcase classname="com.techblog.scripts.UserSignup" name="verifyNullUserSignup" time="10.429"/>
  <testcase classname="com.techblog.scripts.TestClass" name="verifyLandingPage" time="6.972">
    <failure type="org.openqa.selenium.NoSuchElementException" message="Cannot locate an element using id=fname
For documentation on this error, please visit: https://www.seleniumhq.org/exceptions/no_such_element.html
Build info: version: &amp;apos;3.141.59&amp;apos;, revision: &amp;apos;e82be7d358&amp;apos;, time: &amp;apos;2018-11-14T08:17:03&amp;apos;
System info: host: &amp;apos;DESKTOP-0VG4TTE&amp;apos;, ip: &amp;apos;172.20.16.144&amp;apos;, os.name: &amp;apos;Windows 10&amp;apos;, os.arch: &amp;apos;amd64&amp;apos;, os.version: &amp;apos;10.0&amp;apos;, java.version: &amp;apos;16.0.2&amp;apos;
Driver info: driver.version: RemoteWebDriver">
      <![CDATA[org.openqa.selenium.NoSuchElementException: Cannot locate an element using id=fname
For documentation on this error, please visit: https://www.seleniumhq.org/exceptions/no_such_element.html
Build info: version: '3.141.59', revision: 'e82be7d358', time: '2018-11-14T08:17:03'
System info: host: 'DESKTOP-0VG4TTE', ip: '172.20.16.144', os.name: 'Windows 10', os.arch: 'amd64', os.version: '10.0', java.version: '16.0.2'
Driver info: driver.version: RemoteWebDriver
at org.openqa.selenium.remote.RemoteWebDriver.findElement(RemoteWebDriver.java:327)
at org.openqa.selenium.remote.RemoteWebDriver.findElementById(RemoteWebDriver.java:372)
at org.openqa.selenium.By$ById.findElement(By.java:188)
at org.openqa.selenium.remote.RemoteWebDriver.findElement(RemoteWebDriver.java:315)
at org.openqa.selenium.support.pagefactory.DefaultElementLocator.findElement(DefaultElementLocator.java:69)
at org.openqa.selenium.support.pagefactory.internal.LocatingElementHandler.invoke(LocatingElementHandler.java:38)
at jdk.proxy2/jdk.proxy2.$Proxy12.sendKeys(Unknown Source)
at com.techblog.pages.LandingPage.setFirstName(LandingPage.java:70)
at com.techblog.scripts.TestClass.verifyLandingPage(TestClass.java:33)
at java.base/java.util.ArrayList.forEach(ArrayList.java:1511)
... Removed 27 stack frames]]>
    </failure>
  </testcase> <!-- verifyLandingPage -->
  <testcase classname="com.techblog.scripts.UserSignup" name="verifyInvalidPassword" time="0.0">
    <ignored/>
  </testcase> <!-- verifyInvalidPassword -->
  <testcase classname="com.techblog.scripts.UserSignup" name="verifyInvalidUserEmail" time="0.0">
    <ignored/>
  </testcase> <!-- verifyInvalidUserEmail -->
  <testcase classname="com.techblog.scripts.TestBase" name="@BeforeTest onSetup" time="0.0">
    <ignored/>
  </testcase> <!-- @BeforeTest onSetup -->
  <testcase classname="com.techblog.scripts.UserSignup" name="verifyValidUserSignup" time="0.0">
    <ignored/>
  </testcase> <!-- verifyValidUserSignup -->
  <testcase classname="com.techblog.scripts.UserSignup" name="verifyInValidPassword2" time="0.0">
    <ignored/>
  </testcase> <!-- verifyInValidPassword2 -->
  <testcase classname="com.techblog.scripts.UserSignup" name="verifyInvalidUserName" time="0.0">
    <ignored/>
  </testcase> <!-- verifyInvalidUserName -->
</testsuite> <!-- Test(failed)(failed) -->
